(ARCTools Version 2.1.2)
 HexLoc     DecLoc    MachWord   Label        Instruction                Comment
                                              .org 0                     
                                                                         
00000000  0000000000  c8002050                ld [80], %r4               ! loads whether or not we want half of the result
00000004  0000000004  82000000                add %r0, %r0, %r1          
00000008  0000000008  84002001                add %r0, 1, %r2            
0000000c  0000000012  8c002001                add %r0, 1, %r6            ! permanent 1
                                                                         
00000010  0000000016  ca00204c  start:        ld [76], %r5               ! load the wanted value (*10)
00000014  0000000020  8a817fff                addcc %r5, -1, %r5         
00000018  0000000024  ca20204c                st %r5, [76]               
0000001c  0000000028  0c800005                bneg 5                     
                                                                         
00000020  0000000032  86004002                add %r1, %r2, %r3          ! start of the Fibonacci calculation
00000024  0000000036  82000002                add %r0, %r2, %r1          
00000028  0000000040  84000003                add %r0, %r3, %r2          ! %r2 will contain the result
0000002c  0000000044  10bffff9                ba -7                      
                                                                         
00000030  0000000048  8c890006  ending:       andcc %r4, %r6, %r6        ! check if we want half of the result
00000034  0000000052  02800003                be 3                       
00000038  0000000056  80910000                orcc %r4, %r0, %r0         ! check if we want the full result
0000003c  0000000060  02800003                be 3                       
                                                                         
00000040  0000000064  8530a001  halving:      srl %r2, 1, %r2            ! divide the result by 2 using a shift right
00000044  0000000068  10800001                ba 1                       
                                                                         
                                                                         
00000048  0000000072  ffffffff  display:      halt                       ! display the result
                                                                         
0000004c  0000000076  00000003  C:                                       ! how many times we should run the function
00000050  0000000080  00000000  H:                                       ! should we halve?
                                                                         

--- Symbol Table ---
ending: 48
halving: 64
H: 80
display: 72
C: 76
start: 16
