(ARCTools Version 2.1.2)
 HexLoc     DecLoc    MachWord   Label        Instruction                Comment
                                              .org 0                     
                                                                         
00000000  0000000000  c8002068                ld [104], %r4              ! loads whether or not we want half of the result
00000004  0000000004  8400a001                add %r2, 1, %r2            
00000008  0000000008  8c01a001                add %r6, 1, %r6            ! a 1 need for later
0000000c  0000000012  8e01e001                add %r7, 1, %r7            ! a 1 need for later
                                                                         
00000010  0000000016  ca002064  start:        ld [100], %r5              ! keeps track of the iterations
00000014  0000000020  8a817fff                addcc %r5, -1, %r5         
00000018  0000000024  ca202064                st %r5, [100]              
0000001c  0000000028  0c800009                bneg 9                     
                                                                         
00000020  0000000032  86080003                and %r0, %r3, %r3          ! clear reg3
00000024  0000000036  86008003                add %r2, %r3, %r3          ! adds %r1 to %r2 and stores in %r3
00000028  0000000040  86004003                add %r1, %r3, %r3          ! ^^^^
                                                                         
0000002c  0000000044  82080001                and %r0, %r1, %r1          ! clear reg1
00000030  0000000048  82008001                add %r2, %r1, %r1          ! stores %r2 in %r1
                                                                         
00000034  0000000052  84080002                and %r0, %r2, %r2          ! clear reg2
00000038  0000000056  8400c002                add %r3, %r2, %r2          ! %r2 will contain the result
0000003c  0000000060  10bffff5                ba -11                     
                                                                         
00000040  0000000064  80910000  ending:       orcc %r4, %r0, %r0         ! check if we want the full result
00000044  0000000068  02800007                be 7                       
00000048  0000000072  8c890006                andcc %r4, %r6, %r6        ! check if we want half of the result
0000004c  0000000076  12800001                bne 1                      
                                                                         
                                                                         
00000050  0000000080  8e088007  halving:      and %r2, %r7, %r7          
00000054  0000000084  8530a001                srl %r2, 1, %r2            ! divide the result by 2 using a shift right
00000058  0000000088  8401c002                add %r7, %r2, %r2          
0000005c  0000000092  10800001                ba 1                       
                                                                         
                                                                         
00000060  0000000096  ffffffff  display:      halt                       ! display the result
                                                                         
00000064  0000000100  0000000f  C:                                       ! how many times we should run the function
00000068  0000000104  00000001  H:                                       ! H = 0, not halve; H = 1, halve 
                                                                         

--- Symbol Table ---
ending: 64
halving: 80
H: 104
display: 96
C: 100
start: 16
