(ARCTools Version 2.1.2)
 HexLoc     DecLoc    MachWord   Label        Instruction                Comment
                                              .org 0                     
                                                                         
00000000  0000000000  c800205c                ld [92], %r4               ! loads whether or not we want half of the result
00000004  0000000004  8400a001                add %r2, 1, %r2            
00000008  0000000008  8c01a001                add %r6, 1, %r6            ! %r6 will contain a permanent 1
                                                                         
0000000c  0000000012  ca002058  start:        ld [88], %r5               ! keeps track of the iterations
00000010  0000000016  8a817fff                addcc %r5, -1, %r5         
00000014  0000000020  ca202058                st %r5, [88]               
00000018  0000000024  0c800009                bneg 9                     
                                                                         
0000001c  0000000028  86080003                and %r0, %r3, %r3          ! clear reg3
00000020  0000000032  86008003                add %r2, %r3, %r3          ! adds %r1 to %r2 and stores in %r3
00000024  0000000036  86004003                add %r1, %r3, %r3          ! ^^^^
                                                                         
00000028  0000000040  82080001                and %r0, %r1, %r1          ! clear reg1
0000002c  0000000044  82008001                add %r2, %r1, %r1          ! stores %r2 in %r1
                                                                         
00000030  0000000048  84080002                and %r0, %r2, %r2          ! clear reg2
00000034  0000000052  8400c002                add %r3, %r2, %r2          ! %r2 will contain the result
00000038  0000000056  10bffff5                ba -11                     
                                                                         
0000003c  0000000060  80910000  ending:       orcc %r4, %r0, %r0         ! check if we want the full result
00000040  0000000064  02800005                be 5                       
00000044  0000000068  8c890006                andcc %r4, %r6, %r6        ! check if we want half of the result
00000048  0000000072  12800001                bne 1                      
                                                                         
                                                                         
0000004c  0000000076  8530a001  halving:      srl %r2, 1, %r2            ! divide the result by 2 using a shift right
00000050  0000000080  10800001                ba 1                       
                                                                         
                                                                         
00000054  0000000084  ffffffff  display:      halt                       ! display the result
                                                                         
00000058  0000000088  0000000f  C:                                       ! how many times we should run the function
0000005c  0000000092  00000000  H:                                       ! H = 0, not halve; H = 1, halve 
                                                                         

--- Symbol Table ---
ending: 60
halving: 76
H: 92
display: 84
C: 88
start: 12
